Project: demo
Converter: Atollic TrueSTUDIO project converter
Date: 20191110

Post-build step might need some manual actions.
Warning: Failed to find matching mcu for null
Option com.atollic.truestudio.common_options.target.endianess is no longer supported
Warning: MCU STM32F427II matched multiple possible MCUs: [STM32F427IIHx, STM32F427IITx]
Option com.atollic.truestudio.common_options.target.instr_set is no longer supported
Failed to update value for com.atollic.truestudio.gcc.symbols.defined on toolchain com.st.stm32cube.ide.mcu.gnu.managedbuild.tool.assembler.799482014
Unknown value type "" for id com.atollic.truestudio.common_options.target.interwork on tool com.atollic.truestudio.exe.debug.toolchain.gcc
Option com.atollic.truestudio.common_options.target.endianess is no longer supported
Option com.atollic.truestudio.common_options.target.instr_set is no longer supported
Option com.atollic.truestudio.common_options.target.endianess is no longer supported
Option com.atollic.truestudio.common_options.target.instr_set is no longer supported
Unknown value type "" for id com.atollic.truestudio.gpp.optimization.fno_rtti on tool com.atollic.truestudio.exe.debug.toolchain.gpp
Unknown value type "" for id com.atollic.truestudio.gpp.optimization.fno_exceptions on tool com.atollic.truestudio.exe.debug.toolchain.gpp
Option com.atollic.truestudio.common_options.target.endianess is no longer supported
Option com.atollic.truestudio.common_options.target.instr_set is no longer supported
Option com.atollic.truestudio.common_options.target.endianess is no longer supported
Option com.atollic.truestudio.common_options.target.instr_set is no longer supported
Post-build step might need some manual actions.
Warning: Failed to find matching mcu for null
Option com.atollic.truestudio.common_options.target.endianess is no longer supported
Warning: MCU STM32F427II matched multiple possible MCUs: [STM32F427IIHx, STM32F427IITx]
Option com.atollic.truestudio.common_options.target.instr_set is no longer supported
Failed to update value for com.atollic.truestudio.gcc.symbols.defined on toolchain com.st.stm32cube.ide.mcu.gnu.managedbuild.tool.assembler.2049557663
Unknown value type "" for id com.atollic.truestudio.common_options.target.interwork on tool com.atollic.truestudio.exe.release.toolchain.gcc
Option com.atollic.truestudio.common_options.target.endianess is no longer supported
Option com.atollic.truestudio.common_options.target.instr_set is no longer supported
Option com.atollic.truestudio.common_options.target.endianess is no longer supported
Option com.atollic.truestudio.common_options.target.instr_set is no longer supported
Unknown value type "" for id com.atollic.truestudio.gpp.optimization.fno_rtti on tool com.atollic.truestudio.exe.release.toolchain.gpp
Unknown value type "" for id com.atollic.truestudio.gpp.optimization.fno_exceptions on tool com.atollic.truestudio.exe.release.toolchain.gpp
Option com.atollic.truestudio.common_options.target.endianess is no longer supported
Option com.atollic.truestudio.common_options.target.instr_set is no longer supported
Option com.atollic.truestudio.common_options.target.endianess is no longer supported
Option com.atollic.truestudio.common_options.target.instr_set is no longer supported
